<?xml version="1.0" encoding="UTF-8"?>
<testng-results skipped="0" failed="0" ignored="0" total="1" passed="1">
  <reporter-output>
  </reporter-output>
  <suite name="Default suite" duration-ms="53991" started-at="2020-06-16T08:43:45 UYT" finished-at="2020-06-16T08:44:39 UYT">
    <groups>
    </groups>
    <test name="Default test" duration-ms="53991" started-at="2020-06-16T08:43:45 UYT" finished-at="2020-06-16T08:44:39 UYT">
      <class name="ReadJSON">
        <test-method status="PASS" signature="setup()[pri:0, instance:ReadJSON@79be0360]" name="setup" is-config="true" duration-ms="18261" started-at="2020-06-16T08:43:45 UYT" finished-at="2020-06-16T08:44:03 UYT">
          <reporter-output>
          </reporter-output>
        </test-method> <!-- setup -->
        <test-method status="PASS" signature="testSearch()[pri:0, instance:ReadJSON@79be0360]" name="testSearch" duration-ms="35699" started-at="2020-06-16T08:44:03 UYT" finished-at="2020-06-16T08:44:39 UYT">
          <reporter-output>
          </reporter-output>
        </test-method> <!-- testSearch -->
      </class> <!-- ReadJSON -->
    </test> <!-- Default test -->
  </suite> <!-- Default suite -->
</testng-results>
